<?xml version="1.0" encoding="UTF-8"?>
<testsuite xmlns:xsi="http://www.w3.org/2001/XMLSchema-instance" xsi:noNamespaceSchemaLocation="https://maven.apache.org/surefire/maven-surefire-plugin/xsd/surefire-test-report.xsd" name="com.cs490.shoppingcart.administrationmodule.AdministrationModuleApplicationTests" time="20.524" tests="1" errors="0" skipped="0" failures="0">
  <properties>
    <property name="java.specification.version" value="17"/>
    <property name="sun.jnu.encoding" value="UTF-8"/>
    <property name="java.class.path" value="/Users/tusimegodwin/Downloads/cs490-shopping-cart-project/Administration Module/target/test-classes:/Users/tusimegodwin/Downloads/cs490-shopping-cart-project/Administration Module/target/classes:/Users/tusimegodwin/.m2/repository/org/springframework/boot/spring-boot-starter-data-jpa/3.0.5/spring-boot-starter-data-jpa-3.0.5.jar:/Users/tusimegodwin/.m2/repository/org/springframework/boot/spring-boot-starter-aop/3.0.5/spring-boot-starter-aop-3.0.5.jar:/Users/tusimegodwin/.m2/repository/org/aspectj/aspectjweaver/1.9.19/aspectjweaver-1.9.19.jar:/Users/tusimegodwin/.m2/repository/org/springframework/boot/spring-boot-starter-jdbc/3.0.5/spring-boot-starter-jdbc-3.0.5.jar:/Users/tusimegodwin/.m2/repository/com/zaxxer/HikariCP/5.0.1/HikariCP-5.0.1.jar:/Users/tusimegodwin/.m2/repository/org/springframework/spring-jdbc/6.0.7/spring-jdbc-6.0.7.jar:/Users/tusimegodwin/.m2/repository/org/hibernate/orm/hibernate-core/6.1.7.Final/hibernate-core-6.1.7.Final.jar:/Users/tusimegodwin/.m2/repository/jakarta/persistence/jakarta.persistence-api/3.1.0/jakarta.persistence-api-3.1.0.jar:/Users/tusimegodwin/.m2/repository/jakarta/transaction/jakarta.transaction-api/2.0.1/jakarta.transaction-api-2.0.1.jar:/Users/tusimegodwin/.m2/repository/org/hibernate/common/hibernate-commons-annotations/6.0.6.Final/hibernate-commons-annotations-6.0.6.Final.jar:/Users/tusimegodwin/.m2/repository/org/jboss/jandex/2.4.2.Final/jandex-2.4.2.Final.jar:/Users/tusimegodwin/.m2/repository/net/bytebuddy/byte-buddy/1.12.23/byte-buddy-1.12.23.jar:/Users/tusimegodwin/.m2/repository/org/glassfish/jaxb/jaxb-runtime/4.0.2/jaxb-runtime-4.0.2.jar:/Users/tusimegodwin/.m2/repository/org/glassfish/jaxb/jaxb-core/4.0.2/jaxb-core-4.0.2.jar:/Users/tusimegodwin/.m2/repository/org/eclipse/angus/angus-activation/2.0.0/angus-activation-2.0.0.jar:/Users/tusimegodwin/.m2/repository/org/glassfish/jaxb/txw2/4.0.2/txw2-4.0.2.jar:/Users/tusimegodwin/.m2/repository/com/sun/istack/istack-commons-runtime/4.1.1/istack-commons-runtime-4.1.1.jar:/Users/tusimegodwin/.m2/repository/org/antlr/antlr4-runtime/4.10.1/antlr4-runtime-4.10.1.jar:/Users/tusimegodwin/.m2/repository/org/springframework/data/spring-data-jpa/3.0.4/spring-data-jpa-3.0.4.jar:/Users/tusimegodwin/.m2/repository/org/springframework/data/spring-data-commons/3.0.4/spring-data-commons-3.0.4.jar:/Users/tusimegodwin/.m2/repository/org/springframework/spring-orm/6.0.7/spring-orm-6.0.7.jar:/Users/tusimegodwin/.m2/repository/org/springframework/spring-context/6.0.7/spring-context-6.0.7.jar:/Users/tusimegodwin/.m2/repository/org/springframework/spring-tx/6.0.7/spring-tx-6.0.7.jar:/Users/tusimegodwin/.m2/repository/org/springframework/spring-beans/6.0.7/spring-beans-6.0.7.jar:/Users/tusimegodwin/.m2/repository/jakarta/annotation/jakarta.annotation-api/2.1.1/jakarta.annotation-api-2.1.1.jar:/Users/tusimegodwin/.m2/repository/org/slf4j/slf4j-api/2.0.7/slf4j-api-2.0.7.jar:/Users/tusimegodwin/.m2/repository/org/springframework/spring-aspects/6.0.7/spring-aspects-6.0.7.jar:/Users/tusimegodwin/.m2/repository/org/springdoc/springdoc-openapi-starter-webmvc-ui/2.0.4/springdoc-openapi-starter-webmvc-ui-2.0.4.jar:/Users/tusimegodwin/.m2/repository/org/springdoc/springdoc-openapi-starter-webmvc-api/2.0.4/springdoc-openapi-starter-webmvc-api-2.0.4.jar:/Users/tusimegodwin/.m2/repository/org/springdoc/springdoc-openapi-starter-common/2.0.4/springdoc-openapi-starter-common-2.0.4.jar:/Users/tusimegodwin/.m2/repository/io/swagger/core/v3/swagger-core-jakarta/2.2.8/swagger-core-jakarta-2.2.8.jar:/Users/tusimegodwin/.m2/repository/org/apache/commons/commons-lang3/3.12.0/commons-lang3-3.12.0.jar:/Users/tusimegodwin/.m2/repository/io/swagger/core/v3/swagger-annotations-jakarta/2.2.8/swagger-annotations-jakarta-2.2.8.jar:/Users/tusimegodwin/.m2/repository/io/swagger/core/v3/swagger-models-jakarta/2.2.8/swagger-models-jakarta-2.2.8.jar:/Users/tusimegodwin/.m2/repository/com/fasterxml/jackson/dataformat/jackson-dataformat-yaml/2.14.2/jackson-dataformat-yaml-2.14.2.jar:/Users/tusimegodwin/.m2/repository/org/webjars/swagger-ui/4.18.1/swagger-ui-4.18.1.jar:/Users/tusimegodwin/.m2/repository/org/webjars/webjars-locator-core/0.52/webjars-locator-core-0.52.jar:/Users/tusimegodwin/.m2/repository/io/github/classgraph/classgraph/4.8.149/classgraph-4.8.149.jar:/Users/tusimegodwin/.m2/repository/org/springframework/boot/spring-boot-starter-web/3.0.5/spring-boot-starter-web-3.0.5.jar:/Users/tusimegodwin/.m2/repository/org/springframework/boot/spring-boot-starter/3.0.5/spring-boot-starter-3.0.5.jar:/Users/tusimegodwin/.m2/repository/org/springframework/boot/spring-boot-starter-logging/3.0.5/spring-boot-starter-logging-3.0.5.jar:/Users/tusimegodwin/.m2/repository/ch/qos/logback/logback-classic/1.4.6/logback-classic-1.4.6.jar:/Users/tusimegodwin/.m2/repository/ch/qos/logback/logback-core/1.4.6/logback-core-1.4.6.jar:/Users/tusimegodwin/.m2/repository/org/apache/logging/log4j/log4j-to-slf4j/2.19.0/log4j-to-slf4j-2.19.0.jar:/Users/tusimegodwin/.m2/repository/org/apache/logging/log4j/log4j-api/2.19.0/log4j-api-2.19.0.jar:/Users/tusimegodwin/.m2/repository/org/slf4j/jul-to-slf4j/2.0.7/jul-to-slf4j-2.0.7.jar:/Users/tusimegodwin/.m2/repository/org/yaml/snakeyaml/1.33/snakeyaml-1.33.jar:/Users/tusimegodwin/.m2/repository/org/springframework/boot/spring-boot-starter-json/3.0.5/spring-boot-starter-json-3.0.5.jar:/Users/tusimegodwin/.m2/repository/com/fasterxml/jackson/datatype/jackson-datatype-jdk8/2.14.2/jackson-datatype-jdk8-2.14.2.jar:/Users/tusimegodwin/.m2/repository/com/fasterxml/jackson/datatype/jackson-datatype-jsr310/2.14.2/jackson-datatype-jsr310-2.14.2.jar:/Users/tusimegodwin/.m2/repository/com/fasterxml/jackson/module/jackson-module-parameter-names/2.14.2/jackson-module-parameter-names-2.14.2.jar:/Users/tusimegodwin/.m2/repository/org/springframework/boot/spring-boot-starter-tomcat/3.0.5/spring-boot-starter-tomcat-3.0.5.jar:/Users/tusimegodwin/.m2/repository/org/apache/tomcat/embed/tomcat-embed-core/10.1.7/tomcat-embed-core-10.1.7.jar:/Users/tusimegodwin/.m2/repository/org/apache/tomcat/embed/tomcat-embed-el/10.1.7/tomcat-embed-el-10.1.7.jar:/Users/tusimegodwin/.m2/repository/org/apache/tomcat/embed/tomcat-embed-websocket/10.1.7/tomcat-embed-websocket-10.1.7.jar:/Users/tusimegodwin/.m2/repository/org/springframework/spring-web/6.0.7/spring-web-6.0.7.jar:/Users/tusimegodwin/.m2/repository/io/micrometer/micrometer-observation/1.10.5/micrometer-observation-1.10.5.jar:/Users/tusimegodwin/.m2/repository/io/micrometer/micrometer-commons/1.10.5/micrometer-commons-1.10.5.jar:/Users/tusimegodwin/.m2/repository/org/springframework/spring-webmvc/6.0.7/spring-webmvc-6.0.7.jar:/Users/tusimegodwin/.m2/repository/org/springframework/spring-expression/6.0.7/spring-expression-6.0.7.jar:/Users/tusimegodwin/.m2/repository/org/hibernate/validator/hibernate-validator/8.0.0.Final/hibernate-validator-8.0.0.Final.jar:/Users/tusimegodwin/.m2/repository/jakarta/validation/jakarta.validation-api/3.0.2/jakarta.validation-api-3.0.2.jar:/Users/tusimegodwin/.m2/repository/org/jboss/logging/jboss-logging/3.5.0.Final/jboss-logging-3.5.0.Final.jar:/Users/tusimegodwin/.m2/repository/com/fasterxml/classmate/1.5.1/classmate-1.5.1.jar:/Users/tusimegodwin/.m2/repository/org/springframework/boot/spring-boot-starter-security/3.0.5/spring-boot-starter-security-3.0.5.jar:/Users/tusimegodwin/.m2/repository/org/springframework/spring-aop/6.0.7/spring-aop-6.0.7.jar:/Users/tusimegodwin/.m2/repository/org/springframework/security/spring-security-config/6.0.2/spring-security-config-6.0.2.jar:/Users/tusimegodwin/.m2/repository/org/springframework/security/spring-security-core/6.0.2/spring-security-core-6.0.2.jar:/Users/tusimegodwin/.m2/repository/org/springframework/security/spring-security-web/6.0.2/spring-security-web-6.0.2.jar:/Users/tusimegodwin/.m2/repository/org/springframework/cloud/spring-cloud-starter-netflix-eureka-client/4.0.0/spring-cloud-starter-netflix-eureka-client-4.0.0.jar:/Users/tusimegodwin/.m2/repository/org/springframework/cloud/spring-cloud-starter/4.0.1/spring-cloud-starter-4.0.1.jar:/Users/tusimegodwin/.m2/repository/org/springframework/cloud/spring-cloud-context/4.0.1/spring-cloud-context-4.0.1.jar:/Users/tusimegodwin/.m2/repository/org/springframework/security/spring-security-rsa/1.0.11.RELEASE/spring-security-rsa-1.0.11.RELEASE.jar:/Users/tusimegodwin/.m2/repository/org/bouncycastle/bcpkix-jdk15on/1.69/bcpkix-jdk15on-1.69.jar:/Users/tusimegodwin/.m2/repository/org/bouncycastle/bcprov-jdk15on/1.69/bcprov-jdk15on-1.69.jar:/Users/tusimegodwin/.m2/repository/org/bouncycastle/bcutil-jdk15on/1.69/bcutil-jdk15on-1.69.jar:/Users/tusimegodwin/.m2/repository/org/springframework/cloud/spring-cloud-netflix-eureka-client/4.0.0/spring-cloud-netflix-eureka-client-4.0.0.jar:/Users/tusimegodwin/.m2/repository/org/apache/httpcomponents/client5/httpclient5/5.1.4/httpclient5-5.1.4.jar:/Users/tusimegodwin/.m2/repository/org/apache/httpcomponents/core5/httpcore5/5.1.5/httpcore5-5.1.5.jar:/Users/tusimegodwin/.m2/repository/org/apache/httpcomponents/core5/httpcore5-h2/5.1.5/httpcore5-h2-5.1.5.jar:/Users/tusimegodwin/.m2/repository/commons-codec/commons-codec/1.15/commons-codec-1.15.jar:/Users/tusimegodwin/.m2/repository/com/netflix/eureka/eureka-client/2.0.0/eureka-client-2.0.0.jar:/Users/tusimegodwin/.m2/repository/com/netflix/netflix-commons/netflix-eventbus/0.3.0/netflix-eventbus-0.3.0.jar:/Users/tusimegodwin/.m2/repository/com/netflix/netflix-commons/netflix-infix/0.3.0/netflix-infix-0.3.0.jar:/Users/tusimegodwin/.m2/repository/commons-jxpath/commons-jxpath/1.3/commons-jxpath-1.3.jar:/Users/tusimegodwin/.m2/repository/joda-time/joda-time/2.3/joda-time-2.3.jar:/Users/tusimegodwin/.m2/repository/org/antlr/antlr-runtime/3.4/antlr-runtime-3.4.jar:/Users/tusimegodwin/.m2/repository/org/antlr/stringtemplate/3.2.1/stringtemplate-3.2.1.jar:/Users/tusimegodwin/.m2/repository/antlr/antlr/2.7.7/antlr-2.7.7.jar:/Users/tusimegodwin/.m2/repository/com/google/code/gson/gson/2.9.1/gson-2.9.1.jar:/Users/tusimegodwin/.m2/repository/org/apache/commons/commons-math/2.2/commons-math-2.2.jar:/Users/tusimegodwin/.m2/repository/com/thoughtworks/xstream/xstream/1.4.19/xstream-1.4.19.jar:/Users/tusimegodwin/.m2/repository/io/github/x-stream/mxparser/1.2.2/mxparser-1.2.2.jar:/Users/tusimegodwin/.m2/repository/xmlpull/xmlpull/1.1.3.1/xmlpull-1.1.3.1.jar:/Users/tusimegodwin/.m2/repository/jakarta/ws/rs/jakarta.ws.rs-api/3.1.0/jakarta.ws.rs-api-3.1.0.jar:/Users/tusimegodwin/.m2/repository/com/netflix/servo/servo-core/0.12.21/servo-core-0.12.21.jar:/Users/tusimegodwin/.m2/repository/com/google/guava/guava/19.0/guava-19.0.jar:/Users/tusimegodwin/.m2/repository/org/apache/httpcomponents/httpclient/4.5.14/httpclient-4.5.14.jar:/Users/tusimegodwin/.m2/repository/org/apache/httpcomponents/httpcore/4.4.16/httpcore-4.4.16.jar:/Users/tusimegodwin/.m2/repository/commons-configuration/commons-configuration/1.10/commons-configuration-1.10.jar:/Users/tusimegodwin/.m2/repository/commons-lang/commons-lang/2.6/commons-lang-2.6.jar:/Users/tusimegodwin/.m2/repository/com/fasterxml/jackson/core/jackson-annotations/2.14.2/jackson-annotations-2.14.2.jar:/Users/tusimegodwin/.m2/repository/com/fasterxml/jackson/core/jackson-core/2.14.2/jackson-core-2.14.2.jar:/Users/tusimegodwin/.m2/repository/org/codehaus/jettison/jettison/1.4.0/jettison-1.4.0.jar:/Users/tusimegodwin/.m2/repository/com/netflix/eureka/eureka-core/2.0.0/eureka-core-2.0.0.jar:/Users/tusimegodwin/.m2/repository/jakarta/servlet/jakarta.servlet-api/6.0.0/jakarta.servlet-api-6.0.0.jar:/Users/tusimegodwin/.m2/repository/com/fasterxml/woodstox/woodstox-core/6.2.1/woodstox-core-6.2.1.jar:/Users/tusimegodwin/.m2/repository/org/springframework/cloud/spring-cloud-starter-loadbalancer/4.0.1/spring-cloud-starter-loadbalancer-4.0.1.jar:/Users/tusimegodwin/.m2/repository/org/springframework/cloud/spring-cloud-loadbalancer/4.0.1/spring-cloud-loadbalancer-4.0.1.jar:/Users/tusimegodwin/.m2/repository/io/projectreactor/reactor-core/3.5.4/reactor-core-3.5.4.jar:/Users/tusimegodwin/.m2/repository/org/reactivestreams/reactive-streams/1.0.4/reactive-streams-1.0.4.jar:/Users/tusimegodwin/.m2/repository/io/projectreactor/addons/reactor-extra/3.5.1/reactor-extra-3.5.1.jar:/Users/tusimegodwin/.m2/repository/org/springframework/boot/spring-boot-starter-cache/3.0.5/spring-boot-starter-cache-3.0.5.jar:/Users/tusimegodwin/.m2/repository/com/stoyanr/evictor/1.0.0/evictor-1.0.0.jar:/Users/tusimegodwin/.m2/repository/io/jsonwebtoken/jjwt-api/0.11.5/jjwt-api-0.11.5.jar:/Users/tusimegodwin/.m2/repository/io/jsonwebtoken/jjwt-impl/0.11.5/jjwt-impl-0.11.5.jar:/Users/tusimegodwin/.m2/repository/io/jsonwebtoken/jjwt-jackson/0.11.5/jjwt-jackson-0.11.5.jar:/Users/tusimegodwin/.m2/repository/com/fasterxml/jackson/core/jackson-databind/2.14.2/jackson-databind-2.14.2.jar:/Users/tusimegodwin/.m2/repository/me/paulschwarz/spring-dotenv/2.5.4/spring-dotenv-2.5.4.jar:/Users/tusimegodwin/.m2/repository/io/github/cdimascio/dotenv-java/2.2.3/dotenv-java-2.2.3.jar:/Users/tusimegodwin/.m2/repository/com/mysql/mysql-connector-j/8.0.32/mysql-connector-j-8.0.32.jar:/Users/tusimegodwin/.m2/repository/org/projectlombok/lombok/1.18.26/lombok-1.18.26.jar:/Users/tusimegodwin/.m2/repository/org/springframework/boot/spring-boot-starter-test/3.0.5/spring-boot-starter-test-3.0.5.jar:/Users/tusimegodwin/.m2/repository/org/springframework/boot/spring-boot-test/3.0.5/spring-boot-test-3.0.5.jar:/Users/tusimegodwin/.m2/repository/org/springframework/boot/spring-boot-test-autoconfigure/3.0.5/spring-boot-test-autoconfigure-3.0.5.jar:/Users/tusimegodwin/.m2/repository/com/jayway/jsonpath/json-path/2.7.0/json-path-2.7.0.jar:/Users/tusimegodwin/.m2/repository/net/minidev/json-smart/2.4.10/json-smart-2.4.10.jar:/Users/tusimegodwin/.m2/repository/net/minidev/accessors-smart/2.4.9/accessors-smart-2.4.9.jar:/Users/tusimegodwin/.m2/repository/org/ow2/asm/asm/9.3/asm-9.3.jar:/Users/tusimegodwin/.m2/repository/jakarta/xml/bind/jakarta.xml.bind-api/4.0.0/jakarta.xml.bind-api-4.0.0.jar:/Users/tusimegodwin/.m2/repository/jakarta/activation/jakarta.activation-api/2.1.1/jakarta.activation-api-2.1.1.jar:/Users/tusimegodwin/.m2/repository/org/assertj/assertj-core/3.23.1/assertj-core-3.23.1.jar:/Users/tusimegodwin/.m2/repository/org/hamcrest/hamcrest/2.2/hamcrest-2.2.jar:/Users/tusimegodwin/.m2/repository/org/junit/jupiter/junit-jupiter/5.9.2/junit-jupiter-5.9.2.jar:/Users/tusimegodwin/.m2/repository/org/junit/jupiter/junit-jupiter-api/5.9.2/junit-jupiter-api-5.9.2.jar:/Users/tusimegodwin/.m2/repository/org/opentest4j/opentest4j/1.2.0/opentest4j-1.2.0.jar:/Users/tusimegodwin/.m2/repository/org/junit/platform/junit-platform-commons/1.9.2/junit-platform-commons-1.9.2.jar:/Users/tusimegodwin/.m2/repository/org/apiguardian/apiguardian-api/1.1.2/apiguardian-api-1.1.2.jar:/Users/tusimegodwin/.m2/repository/org/junit/jupiter/junit-jupiter-params/5.9.2/junit-jupiter-params-5.9.2.jar:/Users/tusimegodwin/.m2/repository/org/junit/jupiter/junit-jupiter-engine/5.9.2/junit-jupiter-engine-5.9.2.jar:/Users/tusimegodwin/.m2/repository/org/junit/platform/junit-platform-engine/1.9.2/junit-platform-engine-1.9.2.jar:/Users/tusimegodwin/.m2/repository/org/mockito/mockito-core/4.8.1/mockito-core-4.8.1.jar:/Users/tusimegodwin/.m2/repository/net/bytebuddy/byte-buddy-agent/1.12.23/byte-buddy-agent-1.12.23.jar:/Users/tusimegodwin/.m2/repository/org/objenesis/objenesis/3.2/objenesis-3.2.jar:/Users/tusimegodwin/.m2/repository/org/mockito/mockito-junit-jupiter/4.8.1/mockito-junit-jupiter-4.8.1.jar:/Users/tusimegodwin/.m2/repository/org/skyscreamer/jsonassert/1.5.1/jsonassert-1.5.1.jar:/Users/tusimegodwin/.m2/repository/com/vaadin/external/google/android-json/0.0.20131108.vaadin1/android-json-0.0.20131108.vaadin1.jar:/Users/tusimegodwin/.m2/repository/org/springframework/spring-core/6.0.7/spring-core-6.0.7.jar:/Users/tusimegodwin/.m2/repository/org/springframework/spring-jcl/6.0.7/spring-jcl-6.0.7.jar:/Users/tusimegodwin/.m2/repository/org/springframework/spring-test/6.0.7/spring-test-6.0.7.jar:/Users/tusimegodwin/.m2/repository/org/xmlunit/xmlunit-core/2.9.1/xmlunit-core-2.9.1.jar:/Users/tusimegodwin/.m2/repository/org/springframework/cloud/spring-cloud-netflix-eureka-server/4.0.0/spring-cloud-netflix-eureka-server-4.0.0.jar:/Users/tusimegodwin/.m2/repository/org/springframework/boot/spring-boot-starter-actuator/3.0.5/spring-boot-starter-actuator-3.0.5.jar:/Users/tusimegodwin/.m2/repository/org/springframework/boot/spring-boot-actuator-autoconfigure/3.0.5/spring-boot-actuator-autoconfigure-3.0.5.jar:/Users/tusimegodwin/.m2/repository/org/springframework/boot/spring-boot-actuator/3.0.5/spring-boot-actuator-3.0.5.jar:/Users/tusimegodwin/.m2/repository/io/micrometer/micrometer-core/1.10.5/micrometer-core-1.10.5.jar:/Users/tusimegodwin/.m2/repository/org/hdrhistogram/HdrHistogram/2.1.12/HdrHistogram-2.1.12.jar:/Users/tusimegodwin/.m2/repository/org/latencyutils/LatencyUtils/2.0.3/LatencyUtils-2.0.3.jar:/Users/tusimegodwin/.m2/repository/org/springframework/boot/spring-boot-starter-freemarker/3.0.5/spring-boot-starter-freemarker-3.0.5.jar:/Users/tusimegodwin/.m2/repository/org/freemarker/freemarker/2.3.32/freemarker-2.3.32.jar:/Users/tusimegodwin/.m2/repository/org/springframework/spring-context-support/6.0.7/spring-context-support-6.0.7.jar:/Users/tusimegodwin/.m2/repository/org/springframework/cloud/spring-cloud-commons/4.0.1/spring-cloud-commons-4.0.1.jar:/Users/tusimegodwin/.m2/repository/org/springframework/security/spring-security-crypto/6.0.2/spring-security-crypto-6.0.2.jar:/Users/tusimegodwin/.m2/repository/com/netflix/eureka/eureka-client-jersey3/2.0.0/eureka-client-jersey3-2.0.0.jar:/Users/tusimegodwin/.m2/repository/org/glassfish/jersey/connectors/jersey-apache-connector/3.1.1/jersey-apache-connector-3.1.1.jar:/Users/tusimegodwin/.m2/repository/com/netflix/eureka/eureka-core-jersey3/2.0.0/eureka-core-jersey3-2.0.0.jar:/Users/tusimegodwin/.m2/repository/org/glassfish/jersey/containers/jersey-container-servlet/3.1.1/jersey-container-servlet-3.1.1.jar:/Users/tusimegodwin/.m2/repository/org/glassfish/jersey/containers/jersey-container-servlet-core/3.1.1/jersey-container-servlet-core-3.1.1.jar:/Users/tusimegodwin/.m2/repository/org/glassfish/jersey/core/jersey-common/3.1.1/jersey-common-3.1.1.jar:/Users/tusimegodwin/.m2/repository/org/glassfish/hk2/osgi-resource-locator/1.0.3/osgi-resource-locator-1.0.3.jar:/Users/tusimegodwin/.m2/repository/org/glassfish/jersey/core/jersey-server/3.1.1/jersey-server-3.1.1.jar:/Users/tusimegodwin/.m2/repository/org/glassfish/jersey/core/jersey-client/3.1.1/jersey-client-3.1.1.jar:/Users/tusimegodwin/.m2/repository/org/glassfish/jersey/inject/jersey-hk2/3.1.1/jersey-hk2-3.1.1.jar:/Users/tusimegodwin/.m2/repository/org/glassfish/hk2/hk2-locator/3.0.3/hk2-locator-3.0.3.jar:/Users/tusimegodwin/.m2/repository/org/glassfish/hk2/external/aopalliance-repackaged/3.0.3/aopalliance-repackaged-3.0.3.jar:/Users/tusimegodwin/.m2/repository/org/glassfish/hk2/hk2-utils/3.0.3/hk2-utils-3.0.3.jar:/Users/tusimegodwin/.m2/repository/org/javassist/javassist/3.29.0-GA/javassist-3.29.0-GA.jar:/Users/tusimegodwin/.m2/repository/org/glassfish/hk2/spring-bridge/3.0.3/spring-bridge-3.0.3.jar:/Users/tusimegodwin/.m2/repository/org/glassfish/hk2/hk2-api/3.0.3/hk2-api-3.0.3.jar:/Users/tusimegodwin/.m2/repository/jakarta/inject/jakarta.inject-api/2.0.1/jakarta.inject-api-2.0.1.jar:/Users/tusimegodwin/.m2/repository/com/fasterxml/jackson/dataformat/jackson-dataformat-xml/2.14.2/jackson-dataformat-xml-2.14.2.jar:/Users/tusimegodwin/.m2/repository/org/codehaus/woodstox/stax2-api/4.2.1/stax2-api-4.2.1.jar:/Users/tusimegodwin/.m2/repository/org/springframework/boot/spring-boot-autoconfigure/3.0.5/spring-boot-autoconfigure-3.0.5.jar:/Users/tusimegodwin/.m2/repository/org/springframework/boot/spring-boot/3.0.5/spring-boot-3.0.5.jar:"/>
    <property name="java.vm.vendor" value="Oracle Corporation"/>
    <property name="sun.arch.data.model" value="64"/>
    <property name="java.vendor.url" value="https://java.oracle.com/"/>
    <property name="os.name" value="Mac OS X"/>
    <property name="java.vm.specification.version" value="17"/>
    <property name="sun.java.launcher" value="SUN_STANDARD"/>
    <property name="user.country" value="US"/>
    <property name="sun.boot.library.path" value="/Users/tusimegodwin/Library/Java/JavaVirtualMachines/openjdk-17.0.2/Contents/Home/lib"/>
    <property name="sun.java.command" value="/Users/tusimegodwin/Downloads/cs490-shopping-cart-project/Administration Module/target/surefire/surefirebooter14886937824121750144.jar /Users/tusimegodwin/Downloads/cs490-shopping-cart-project/Administration Module/target/surefire 2023-04-16T00-44-27_061-jvmRun1 surefire13676324712051253229tmp surefire_016180196556587617048tmp"/>
    <property name="http.nonProxyHosts" value="local|*.local|169.254/16|*.169.254/16"/>
    <property name="jdk.debug" value="release"/>
    <property name="surefire.test.class.path" value="/Users/tusimegodwin/Downloads/cs490-shopping-cart-project/Administration Module/target/test-classes:/Users/tusimegodwin/Downloads/cs490-shopping-cart-project/Administration Module/target/classes:/Users/tusimegodwin/.m2/repository/org/springframework/boot/spring-boot-starter-data-jpa/3.0.5/spring-boot-starter-data-jpa-3.0.5.jar:/Users/tusimegodwin/.m2/repository/org/springframework/boot/spring-boot-starter-aop/3.0.5/spring-boot-starter-aop-3.0.5.jar:/Users/tusimegodwin/.m2/repository/org/aspectj/aspectjweaver/1.9.19/aspectjweaver-1.9.19.jar:/Users/tusimegodwin/.m2/repository/org/springframework/boot/spring-boot-starter-jdbc/3.0.5/spring-boot-starter-jdbc-3.0.5.jar:/Users/tusimegodwin/.m2/repository/com/zaxxer/HikariCP/5.0.1/HikariCP-5.0.1.jar:/Users/tusimegodwin/.m2/repository/org/springframework/spring-jdbc/6.0.7/spring-jdbc-6.0.7.jar:/Users/tusimegodwin/.m2/repository/org/hibernate/orm/hibernate-core/6.1.7.Final/hibernate-core-6.1.7.Final.jar:/Users/tusimegodwin/.m2/repository/jakarta/persistence/jakarta.persistence-api/3.1.0/jakarta.persistence-api-3.1.0.jar:/Users/tusimegodwin/.m2/repository/jakarta/transaction/jakarta.transaction-api/2.0.1/jakarta.transaction-api-2.0.1.jar:/Users/tusimegodwin/.m2/repository/org/hibernate/common/hibernate-commons-annotations/6.0.6.Final/hibernate-commons-annotations-6.0.6.Final.jar:/Users/tusimegodwin/.m2/repository/org/jboss/jandex/2.4.2.Final/jandex-2.4.2.Final.jar:/Users/tusimegodwin/.m2/repository/net/bytebuddy/byte-buddy/1.12.23/byte-buddy-1.12.23.jar:/Users/tusimegodwin/.m2/repository/org/glassfish/jaxb/jaxb-runtime/4.0.2/jaxb-runtime-4.0.2.jar:/Users/tusimegodwin/.m2/repository/org/glassfish/jaxb/jaxb-core/4.0.2/jaxb-core-4.0.2.jar:/Users/tusimegodwin/.m2/repository/org/eclipse/angus/angus-activation/2.0.0/angus-activation-2.0.0.jar:/Users/tusimegodwin/.m2/repository/org/glassfish/jaxb/txw2/4.0.2/txw2-4.0.2.jar:/Users/tusimegodwin/.m2/repository/com/sun/istack/istack-commons-runtime/4.1.1/istack-commons-runtime-4.1.1.jar:/Users/tusimegodwin/.m2/repository/org/antlr/antlr4-runtime/4.10.1/antlr4-runtime-4.10.1.jar:/Users/tusimegodwin/.m2/repository/org/springframework/data/spring-data-jpa/3.0.4/spring-data-jpa-3.0.4.jar:/Users/tusimegodwin/.m2/repository/org/springframework/data/spring-data-commons/3.0.4/spring-data-commons-3.0.4.jar:/Users/tusimegodwin/.m2/repository/org/springframework/spring-orm/6.0.7/spring-orm-6.0.7.jar:/Users/tusimegodwin/.m2/repository/org/springframework/spring-context/6.0.7/spring-context-6.0.7.jar:/Users/tusimegodwin/.m2/repository/org/springframework/spring-tx/6.0.7/spring-tx-6.0.7.jar:/Users/tusimegodwin/.m2/repository/org/springframework/spring-beans/6.0.7/spring-beans-6.0.7.jar:/Users/tusimegodwin/.m2/repository/jakarta/annotation/jakarta.annotation-api/2.1.1/jakarta.annotation-api-2.1.1.jar:/Users/tusimegodwin/.m2/repository/org/slf4j/slf4j-api/2.0.7/slf4j-api-2.0.7.jar:/Users/tusimegodwin/.m2/repository/org/springframework/spring-aspects/6.0.7/spring-aspects-6.0.7.jar:/Users/tusimegodwin/.m2/repository/org/springdoc/springdoc-openapi-starter-webmvc-ui/2.0.4/springdoc-openapi-starter-webmvc-ui-2.0.4.jar:/Users/tusimegodwin/.m2/repository/org/springdoc/springdoc-openapi-starter-webmvc-api/2.0.4/springdoc-openapi-starter-webmvc-api-2.0.4.jar:/Users/tusimegodwin/.m2/repository/org/springdoc/springdoc-openapi-starter-common/2.0.4/springdoc-openapi-starter-common-2.0.4.jar:/Users/tusimegodwin/.m2/repository/io/swagger/core/v3/swagger-core-jakarta/2.2.8/swagger-core-jakarta-2.2.8.jar:/Users/tusimegodwin/.m2/repository/org/apache/commons/commons-lang3/3.12.0/commons-lang3-3.12.0.jar:/Users/tusimegodwin/.m2/repository/io/swagger/core/v3/swagger-annotations-jakarta/2.2.8/swagger-annotations-jakarta-2.2.8.jar:/Users/tusimegodwin/.m2/repository/io/swagger/core/v3/swagger-models-jakarta/2.2.8/swagger-models-jakarta-2.2.8.jar:/Users/tusimegodwin/.m2/repository/com/fasterxml/jackson/dataformat/jackson-dataformat-yaml/2.14.2/jackson-dataformat-yaml-2.14.2.jar:/Users/tusimegodwin/.m2/repository/org/webjars/swagger-ui/4.18.1/swagger-ui-4.18.1.jar:/Users/tusimegodwin/.m2/repository/org/webjars/webjars-locator-core/0.52/webjars-locator-core-0.52.jar:/Users/tusimegodwin/.m2/repository/io/github/classgraph/classgraph/4.8.149/classgraph-4.8.149.jar:/Users/tusimegodwin/.m2/repository/org/springframework/boot/spring-boot-starter-web/3.0.5/spring-boot-starter-web-3.0.5.jar:/Users/tusimegodwin/.m2/repository/org/springframework/boot/spring-boot-starter/3.0.5/spring-boot-starter-3.0.5.jar:/Users/tusimegodwin/.m2/repository/org/springframework/boot/spring-boot-starter-logging/3.0.5/spring-boot-starter-logging-3.0.5.jar:/Users/tusimegodwin/.m2/repository/ch/qos/logback/logback-classic/1.4.6/logback-classic-1.4.6.jar:/Users/tusimegodwin/.m2/repository/ch/qos/logback/logback-core/1.4.6/logback-core-1.4.6.jar:/Users/tusimegodwin/.m2/repository/org/apache/logging/log4j/log4j-to-slf4j/2.19.0/log4j-to-slf4j-2.19.0.jar:/Users/tusimegodwin/.m2/repository/org/apache/logging/log4j/log4j-api/2.19.0/log4j-api-2.19.0.jar:/Users/tusimegodwin/.m2/repository/org/slf4j/jul-to-slf4j/2.0.7/jul-to-slf4j-2.0.7.jar:/Users/tusimegodwin/.m2/repository/org/yaml/snakeyaml/1.33/snakeyaml-1.33.jar:/Users/tusimegodwin/.m2/repository/org/springframework/boot/spring-boot-starter-json/3.0.5/spring-boot-starter-json-3.0.5.jar:/Users/tusimegodwin/.m2/repository/com/fasterxml/jackson/datatype/jackson-datatype-jdk8/2.14.2/jackson-datatype-jdk8-2.14.2.jar:/Users/tusimegodwin/.m2/repository/com/fasterxml/jackson/datatype/jackson-datatype-jsr310/2.14.2/jackson-datatype-jsr310-2.14.2.jar:/Users/tusimegodwin/.m2/repository/com/fasterxml/jackson/module/jackson-module-parameter-names/2.14.2/jackson-module-parameter-names-2.14.2.jar:/Users/tusimegodwin/.m2/repository/org/springframework/boot/spring-boot-starter-tomcat/3.0.5/spring-boot-starter-tomcat-3.0.5.jar:/Users/tusimegodwin/.m2/repository/org/apache/tomcat/embed/tomcat-embed-core/10.1.7/tomcat-embed-core-10.1.7.jar:/Users/tusimegodwin/.m2/repository/org/apache/tomcat/embed/tomcat-embed-el/10.1.7/tomcat-embed-el-10.1.7.jar:/Users/tusimegodwin/.m2/repository/org/apache/tomcat/embed/tomcat-embed-websocket/10.1.7/tomcat-embed-websocket-10.1.7.jar:/Users/tusimegodwin/.m2/repository/org/springframework/spring-web/6.0.7/spring-web-6.0.7.jar:/Users/tusimegodwin/.m2/repository/io/micrometer/micrometer-observation/1.10.5/micrometer-observation-1.10.5.jar:/Users/tusimegodwin/.m2/repository/io/micrometer/micrometer-commons/1.10.5/micrometer-commons-1.10.5.jar:/Users/tusimegodwin/.m2/repository/org/springframework/spring-webmvc/6.0.7/spring-webmvc-6.0.7.jar:/Users/tusimegodwin/.m2/repository/org/springframework/spring-expression/6.0.7/spring-expression-6.0.7.jar:/Users/tusimegodwin/.m2/repository/org/hibernate/validator/hibernate-validator/8.0.0.Final/hibernate-validator-8.0.0.Final.jar:/Users/tusimegodwin/.m2/repository/jakarta/validation/jakarta.validation-api/3.0.2/jakarta.validation-api-3.0.2.jar:/Users/tusimegodwin/.m2/repository/org/jboss/logging/jboss-logging/3.5.0.Final/jboss-logging-3.5.0.Final.jar:/Users/tusimegodwin/.m2/repository/com/fasterxml/classmate/1.5.1/classmate-1.5.1.jar:/Users/tusimegodwin/.m2/repository/org/springframework/boot/spring-boot-starter-security/3.0.5/spring-boot-starter-security-3.0.5.jar:/Users/tusimegodwin/.m2/repository/org/springframework/spring-aop/6.0.7/spring-aop-6.0.7.jar:/Users/tusimegodwin/.m2/repository/org/springframework/security/spring-security-config/6.0.2/spring-security-config-6.0.2.jar:/Users/tusimegodwin/.m2/repository/org/springframework/security/spring-security-core/6.0.2/spring-security-core-6.0.2.jar:/Users/tusimegodwin/.m2/repository/org/springframework/security/spring-security-web/6.0.2/spring-security-web-6.0.2.jar:/Users/tusimegodwin/.m2/repository/org/springframework/cloud/spring-cloud-starter-netflix-eureka-client/4.0.0/spring-cloud-starter-netflix-eureka-client-4.0.0.jar:/Users/tusimegodwin/.m2/repository/org/springframework/cloud/spring-cloud-starter/4.0.1/spring-cloud-starter-4.0.1.jar:/Users/tusimegodwin/.m2/repository/org/springframework/cloud/spring-cloud-context/4.0.1/spring-cloud-context-4.0.1.jar:/Users/tusimegodwin/.m2/repository/org/springframework/security/spring-security-rsa/1.0.11.RELEASE/spring-security-rsa-1.0.11.RELEASE.jar:/Users/tusimegodwin/.m2/repository/org/bouncycastle/bcpkix-jdk15on/1.69/bcpkix-jdk15on-1.69.jar:/Users/tusimegodwin/.m2/repository/org/bouncycastle/bcprov-jdk15on/1.69/bcprov-jdk15on-1.69.jar:/Users/tusimegodwin/.m2/repository/org/bouncycastle/bcutil-jdk15on/1.69/bcutil-jdk15on-1.69.jar:/Users/tusimegodwin/.m2/repository/org/springframework/cloud/spring-cloud-netflix-eureka-client/4.0.0/spring-cloud-netflix-eureka-client-4.0.0.jar:/Users/tusimegodwin/.m2/repository/org/apache/httpcomponents/client5/httpclient5/5.1.4/httpclient5-5.1.4.jar:/Users/tusimegodwin/.m2/repository/org/apache/httpcomponents/core5/httpcore5/5.1.5/httpcore5-5.1.5.jar:/Users/tusimegodwin/.m2/repository/org/apache/httpcomponents/core5/httpcore5-h2/5.1.5/httpcore5-h2-5.1.5.jar:/Users/tusimegodwin/.m2/repository/commons-codec/commons-codec/1.15/commons-codec-1.15.jar:/Users/tusimegodwin/.m2/repository/com/netflix/eureka/eureka-client/2.0.0/eureka-client-2.0.0.jar:/Users/tusimegodwin/.m2/repository/com/netflix/netflix-commons/netflix-eventbus/0.3.0/netflix-eventbus-0.3.0.jar:/Users/tusimegodwin/.m2/repository/com/netflix/netflix-commons/netflix-infix/0.3.0/netflix-infix-0.3.0.jar:/Users/tusimegodwin/.m2/repository/commons-jxpath/commons-jxpath/1.3/commons-jxpath-1.3.jar:/Users/tusimegodwin/.m2/repository/joda-time/joda-time/2.3/joda-time-2.3.jar:/Users/tusimegodwin/.m2/repository/org/antlr/antlr-runtime/3.4/antlr-runtime-3.4.jar:/Users/tusimegodwin/.m2/repository/org/antlr/stringtemplate/3.2.1/stringtemplate-3.2.1.jar:/Users/tusimegodwin/.m2/repository/antlr/antlr/2.7.7/antlr-2.7.7.jar:/Users/tusimegodwin/.m2/repository/com/google/code/gson/gson/2.9.1/gson-2.9.1.jar:/Users/tusimegodwin/.m2/repository/org/apache/commons/commons-math/2.2/commons-math-2.2.jar:/Users/tusimegodwin/.m2/repository/com/thoughtworks/xstream/xstream/1.4.19/xstream-1.4.19.jar:/Users/tusimegodwin/.m2/repository/io/github/x-stream/mxparser/1.2.2/mxparser-1.2.2.jar:/Users/tusimegodwin/.m2/repository/xmlpull/xmlpull/1.1.3.1/xmlpull-1.1.3.1.jar:/Users/tusimegodwin/.m2/repository/jakarta/ws/rs/jakarta.ws.rs-api/3.1.0/jakarta.ws.rs-api-3.1.0.jar:/Users/tusimegodwin/.m2/repository/com/netflix/servo/servo-core/0.12.21/servo-core-0.12.21.jar:/Users/tusimegodwin/.m2/repository/com/google/guava/guava/19.0/guava-19.0.jar:/Users/tusimegodwin/.m2/repository/org/apache/httpcomponents/httpclient/4.5.14/httpclient-4.5.14.jar:/Users/tusimegodwin/.m2/repository/org/apache/httpcomponents/httpcore/4.4.16/httpcore-4.4.16.jar:/Users/tusimegodwin/.m2/repository/commons-configuration/commons-configuration/1.10/commons-configuration-1.10.jar:/Users/tusimegodwin/.m2/repository/commons-lang/commons-lang/2.6/commons-lang-2.6.jar:/Users/tusimegodwin/.m2/repository/com/fasterxml/jackson/core/jackson-annotations/2.14.2/jackson-annotations-2.14.2.jar:/Users/tusimegodwin/.m2/repository/com/fasterxml/jackson/core/jackson-core/2.14.2/jackson-core-2.14.2.jar:/Users/tusimegodwin/.m2/repository/org/codehaus/jettison/jettison/1.4.0/jettison-1.4.0.jar:/Users/tusimegodwin/.m2/repository/com/netflix/eureka/eureka-core/2.0.0/eureka-core-2.0.0.jar:/Users/tusimegodwin/.m2/repository/jakarta/servlet/jakarta.servlet-api/6.0.0/jakarta.servlet-api-6.0.0.jar:/Users/tusimegodwin/.m2/repository/com/fasterxml/woodstox/woodstox-core/6.2.1/woodstox-core-6.2.1.jar:/Users/tusimegodwin/.m2/repository/org/springframework/cloud/spring-cloud-starter-loadbalancer/4.0.1/spring-cloud-starter-loadbalancer-4.0.1.jar:/Users/tusimegodwin/.m2/repository/org/springframework/cloud/spring-cloud-loadbalancer/4.0.1/spring-cloud-loadbalancer-4.0.1.jar:/Users/tusimegodwin/.m2/repository/io/projectreactor/reactor-core/3.5.4/reactor-core-3.5.4.jar:/Users/tusimegodwin/.m2/repository/org/reactivestreams/reactive-streams/1.0.4/reactive-streams-1.0.4.jar:/Users/tusimegodwin/.m2/repository/io/projectreactor/addons/reactor-extra/3.5.1/reactor-extra-3.5.1.jar:/Users/tusimegodwin/.m2/repository/org/springframework/boot/spring-boot-starter-cache/3.0.5/spring-boot-starter-cache-3.0.5.jar:/Users/tusimegodwin/.m2/repository/com/stoyanr/evictor/1.0.0/evictor-1.0.0.jar:/Users/tusimegodwin/.m2/repository/io/jsonwebtoken/jjwt-api/0.11.5/jjwt-api-0.11.5.jar:/Users/tusimegodwin/.m2/repository/io/jsonwebtoken/jjwt-impl/0.11.5/jjwt-impl-0.11.5.jar:/Users/tusimegodwin/.m2/repository/io/jsonwebtoken/jjwt-jackson/0.11.5/jjwt-jackson-0.11.5.jar:/Users/tusimegodwin/.m2/repository/com/fasterxml/jackson/core/jackson-databind/2.14.2/jackson-databind-2.14.2.jar:/Users/tusimegodwin/.m2/repository/me/paulschwarz/spring-dotenv/2.5.4/spring-dotenv-2.5.4.jar:/Users/tusimegodwin/.m2/repository/io/github/cdimascio/dotenv-java/2.2.3/dotenv-java-2.2.3.jar:/Users/tusimegodwin/.m2/repository/com/mysql/mysql-connector-j/8.0.32/mysql-connector-j-8.0.32.jar:/Users/tusimegodwin/.m2/repository/org/projectlombok/lombok/1.18.26/lombok-1.18.26.jar:/Users/tusimegodwin/.m2/repository/org/springframework/boot/spring-boot-starter-test/3.0.5/spring-boot-starter-test-3.0.5.jar:/Users/tusimegodwin/.m2/repository/org/springframework/boot/spring-boot-test/3.0.5/spring-boot-test-3.0.5.jar:/Users/tusimegodwin/.m2/repository/org/springframework/boot/spring-boot-test-autoconfigure/3.0.5/spring-boot-test-autoconfigure-3.0.5.jar:/Users/tusimegodwin/.m2/repository/com/jayway/jsonpath/json-path/2.7.0/json-path-2.7.0.jar:/Users/tusimegodwin/.m2/repository/net/minidev/json-smart/2.4.10/json-smart-2.4.10.jar:/Users/tusimegodwin/.m2/repository/net/minidev/accessors-smart/2.4.9/accessors-smart-2.4.9.jar:/Users/tusimegodwin/.m2/repository/org/ow2/asm/asm/9.3/asm-9.3.jar:/Users/tusimegodwin/.m2/repository/jakarta/xml/bind/jakarta.xml.bind-api/4.0.0/jakarta.xml.bind-api-4.0.0.jar:/Users/tusimegodwin/.m2/repository/jakarta/activation/jakarta.activation-api/2.1.1/jakarta.activation-api-2.1.1.jar:/Users/tusimegodwin/.m2/repository/org/assertj/assertj-core/3.23.1/assertj-core-3.23.1.jar:/Users/tusimegodwin/.m2/repository/org/hamcrest/hamcrest/2.2/hamcrest-2.2.jar:/Users/tusimegodwin/.m2/repository/org/junit/jupiter/junit-jupiter/5.9.2/junit-jupiter-5.9.2.jar:/Users/tusimegodwin/.m2/repository/org/junit/jupiter/junit-jupiter-api/5.9.2/junit-jupiter-api-5.9.2.jar:/Users/tusimegodwin/.m2/repository/org/opentest4j/opentest4j/1.2.0/opentest4j-1.2.0.jar:/Users/tusimegodwin/.m2/repository/org/junit/platform/junit-platform-commons/1.9.2/junit-platform-commons-1.9.2.jar:/Users/tusimegodwin/.m2/repository/org/apiguardian/apiguardian-api/1.1.2/apiguardian-api-1.1.2.jar:/Users/tusimegodwin/.m2/repository/org/junit/jupiter/junit-jupiter-params/5.9.2/junit-jupiter-params-5.9.2.jar:/Users/tusimegodwin/.m2/repository/org/junit/jupiter/junit-jupiter-engine/5.9.2/junit-jupiter-engine-5.9.2.jar:/Users/tusimegodwin/.m2/repository/org/junit/platform/junit-platform-engine/1.9.2/junit-platform-engine-1.9.2.jar:/Users/tusimegodwin/.m2/repository/org/mockito/mockito-core/4.8.1/mockito-core-4.8.1.jar:/Users/tusimegodwin/.m2/repository/net/bytebuddy/byte-buddy-agent/1.12.23/byte-buddy-agent-1.12.23.jar:/Users/tusimegodwin/.m2/repository/org/objenesis/objenesis/3.2/objenesis-3.2.jar:/Users/tusimegodwin/.m2/repository/org/mockito/mockito-junit-jupiter/4.8.1/mockito-junit-jupiter-4.8.1.jar:/Users/tusimegodwin/.m2/repository/org/skyscreamer/jsonassert/1.5.1/jsonassert-1.5.1.jar:/Users/tusimegodwin/.m2/repository/com/vaadin/external/google/android-json/0.0.20131108.vaadin1/android-json-0.0.20131108.vaadin1.jar:/Users/tusimegodwin/.m2/repository/org/springframework/spring-core/6.0.7/spring-core-6.0.7.jar:/Users/tusimegodwin/.m2/repository/org/springframework/spring-jcl/6.0.7/spring-jcl-6.0.7.jar:/Users/tusimegodwin/.m2/repository/org/springframework/spring-test/6.0.7/spring-test-6.0.7.jar:/Users/tusimegodwin/.m2/repository/org/xmlunit/xmlunit-core/2.9.1/xmlunit-core-2.9.1.jar:/Users/tusimegodwin/.m2/repository/org/springframework/cloud/spring-cloud-netflix-eureka-server/4.0.0/spring-cloud-netflix-eureka-server-4.0.0.jar:/Users/tusimegodwin/.m2/repository/org/springframework/boot/spring-boot-starter-actuator/3.0.5/spring-boot-starter-actuator-3.0.5.jar:/Users/tusimegodwin/.m2/repository/org/springframework/boot/spring-boot-actuator-autoconfigure/3.0.5/spring-boot-actuator-autoconfigure-3.0.5.jar:/Users/tusimegodwin/.m2/repository/org/springframework/boot/spring-boot-actuator/3.0.5/spring-boot-actuator-3.0.5.jar:/Users/tusimegodwin/.m2/repository/io/micrometer/micrometer-core/1.10.5/micrometer-core-1.10.5.jar:/Users/tusimegodwin/.m2/repository/org/hdrhistogram/HdrHistogram/2.1.12/HdrHistogram-2.1.12.jar:/Users/tusimegodwin/.m2/repository/org/latencyutils/LatencyUtils/2.0.3/LatencyUtils-2.0.3.jar:/Users/tusimegodwin/.m2/repository/org/springframework/boot/spring-boot-starter-freemarker/3.0.5/spring-boot-starter-freemarker-3.0.5.jar:/Users/tusimegodwin/.m2/repository/org/freemarker/freemarker/2.3.32/freemarker-2.3.32.jar:/Users/tusimegodwin/.m2/repository/org/springframework/spring-context-support/6.0.7/spring-context-support-6.0.7.jar:/Users/tusimegodwin/.m2/repository/org/springframework/cloud/spring-cloud-commons/4.0.1/spring-cloud-commons-4.0.1.jar:/Users/tusimegodwin/.m2/repository/org/springframework/security/spring-security-crypto/6.0.2/spring-security-crypto-6.0.2.jar:/Users/tusimegodwin/.m2/repository/com/netflix/eureka/eureka-client-jersey3/2.0.0/eureka-client-jersey3-2.0.0.jar:/Users/tusimegodwin/.m2/repository/org/glassfish/jersey/connectors/jersey-apache-connector/3.1.1/jersey-apache-connector-3.1.1.jar:/Users/tusimegodwin/.m2/repository/com/netflix/eureka/eureka-core-jersey3/2.0.0/eureka-core-jersey3-2.0.0.jar:/Users/tusimegodwin/.m2/repository/org/glassfish/jersey/containers/jersey-container-servlet/3.1.1/jersey-container-servlet-3.1.1.jar:/Users/tusimegodwin/.m2/repository/org/glassfish/jersey/containers/jersey-container-servlet-core/3.1.1/jersey-container-servlet-core-3.1.1.jar:/Users/tusimegodwin/.m2/repository/org/glassfish/jersey/core/jersey-common/3.1.1/jersey-common-3.1.1.jar:/Users/tusimegodwin/.m2/repository/org/glassfish/hk2/osgi-resource-locator/1.0.3/osgi-resource-locator-1.0.3.jar:/Users/tusimegodwin/.m2/repository/org/glassfish/jersey/core/jersey-server/3.1.1/jersey-server-3.1.1.jar:/Users/tusimegodwin/.m2/repository/org/glassfish/jersey/core/jersey-client/3.1.1/jersey-client-3.1.1.jar:/Users/tusimegodwin/.m2/repository/org/glassfish/jersey/inject/jersey-hk2/3.1.1/jersey-hk2-3.1.1.jar:/Users/tusimegodwin/.m2/repository/org/glassfish/hk2/hk2-locator/3.0.3/hk2-locator-3.0.3.jar:/Users/tusimegodwin/.m2/repository/org/glassfish/hk2/external/aopalliance-repackaged/3.0.3/aopalliance-repackaged-3.0.3.jar:/Users/tusimegodwin/.m2/repository/org/glassfish/hk2/hk2-utils/3.0.3/hk2-utils-3.0.3.jar:/Users/tusimegodwin/.m2/repository/org/javassist/javassist/3.29.0-GA/javassist-3.29.0-GA.jar:/Users/tusimegodwin/.m2/repository/org/glassfish/hk2/spring-bridge/3.0.3/spring-bridge-3.0.3.jar:/Users/tusimegodwin/.m2/repository/org/glassfish/hk2/hk2-api/3.0.3/hk2-api-3.0.3.jar:/Users/tusimegodwin/.m2/repository/jakarta/inject/jakarta.inject-api/2.0.1/jakarta.inject-api-2.0.1.jar:/Users/tusimegodwin/.m2/repository/com/fasterxml/jackson/dataformat/jackson-dataformat-xml/2.14.2/jackson-dataformat-xml-2.14.2.jar:/Users/tusimegodwin/.m2/repository/org/codehaus/woodstox/stax2-api/4.2.1/stax2-api-4.2.1.jar:/Users/tusimegodwin/.m2/repository/org/springframework/boot/spring-boot-autoconfigure/3.0.5/spring-boot-autoconfigure-3.0.5.jar:/Users/tusimegodwin/.m2/repository/org/springframework/boot/spring-boot/3.0.5/spring-boot-3.0.5.jar:"/>
    <property name="sun.cpu.endian" value="little"/>
    <property name="user.home" value="/Users/tusimegodwin"/>
    <property name="user.language" value="en"/>
    <property name="java.specification.vendor" value="Oracle Corporation"/>
    <property name="java.version.date" value="2022-01-18"/>
    <property name="java.home" value="/Users/tusimegodwin/Library/Java/JavaVirtualMachines/openjdk-17.0.2/Contents/Home"/>
    <property name="file.separator" value="/"/>
    <property name="basedir" value="/Users/tusimegodwin/Downloads/cs490-shopping-cart-project/Administration Module"/>
    <property name="java.vm.compressedOopsMode" value="Zero based"/>
    <property name="line.separator" value="&#10;"/>
    <property name="java.specification.name" value="Java Platform API Specification"/>
    <property name="java.vm.specification.vendor" value="Oracle Corporation"/>
    <property name="surefire.real.class.path" value="/Users/tusimegodwin/Downloads/cs490-shopping-cart-project/Administration Module/target/surefire/surefirebooter14886937824121750144.jar"/>
    <property name="sun.management.compiler" value="HotSpot 64-Bit Tiered Compilers"/>
    <property name="ftp.nonProxyHosts" value="local|*.local|169.254/16|*.169.254/16"/>
    <property name="java.runtime.version" value="17.0.2+8-86"/>
    <property name="user.name" value="tusimegodwin"/>
    <property name="path.separator" value=":"/>
    <property name="os.version" value="12.6.3"/>
    <property name="java.runtime.name" value="OpenJDK Runtime Environment"/>
    <property name="file.encoding" value="UTF-8"/>
    <property name="java.vm.name" value="OpenJDK 64-Bit Server VM"/>
    <property name="localRepository" value="/Users/tusimegodwin/.m2/repository"/>
    <property name="java.vendor.url.bug" value="https://bugreport.java.com/bugreport/"/>
    <property name="java.io.tmpdir" value="/var/folders/d6/0wm46j3n03s58s69vgy7b4zh0000gn/T/"/>
    <property name="java.version" value="17.0.2"/>
    <property name="user.dir" value="/Users/tusimegodwin/Downloads/cs490-shopping-cart-project/Administration Module"/>
    <property name="os.arch" value="x86_64"/>
    <property name="java.vm.specification.name" value="Java Virtual Machine Specification"/>
    <property name="native.encoding" value="UTF-8"/>
    <property name="java.library.path" value="/Users/tusimegodwin/Library/Java/Extensions:/Library/Java/Extensions:/Network/Library/Java/Extensions:/System/Library/Java/Extensions:/usr/lib/java:."/>
    <property name="java.vm.info" value="mixed mode, sharing"/>
    <property name="java.vendor" value="Oracle Corporation"/>
    <property name="java.vm.version" value="17.0.2+8-86"/>
    <property name="sun.io.unicode.encoding" value="UnicodeBig"/>
    <property name="socksNonProxyHosts" value="local|*.local|169.254/16|*.169.254/16"/>
    <property name="java.class.version" value="61.0"/>
  </properties>
  <testcase name="contextLoads" classname="com.cs490.shoppingcart.administrationmodule.AdministrationModuleApplicationTests" time="0.04"/>
</testsuite>